@storybook/cli v7.0.6

info => Cleaning outputDir: C:\Users\LEWISQ~1\AppData\Local\Temp\chromatic--14560-6BICJwdux4dZ
{
  column: 3,
  file: 'C:\\Users\\LewisQuinn\\Training\\react-storybook\\taskbox\\.storybook\\main.js',
  length: 7,
  line: 4,
  lineText: "   stories: ['../src/components/**/*.stories.@(js|jsx)'],",
  namespace: '',
  suggestion: ''
}
Duplicate key "stories" in object literal
info => Loading presets
info => Building manager..
info => Manager built (491 ms)
info => Copying static files: C:\Users\LewisQuinn\Training\react-storybook\taskbox\node_modules\@storybook\manager\static at C:\Users\LEWISQ~1\AppData\Local\Temp\chromatic--14560-6BICJwdux4dZ\sb-common-assets
info => Copying static files: C:\Users\LewisQuinn\Training\react-storybook\taskbox\public at C:\Users\LEWISQ~1\AppData\Local\Temp\chromatic--14560-6BICJwdux4dZ\
[36mvite v4.2.2 [32mbuilding for production...[36m[39m

./sb-common-assets/fonts.css doesn't exist at build time, it will remain unchanged to be resolved at runtime
transforming...
Use of eval in "node_modules/telejson/dist/index.mjs" is strongly discouraged as it poses security risks and may cause issues with minification.
Use of eval in "node_modules/telejson/dist/index.mjs" is strongly discouraged as it poses security risks and may cause issues with minification.
[32m✓[39m 1670 modules transformed.
rendering chunks...
[33mwarnings when minifying css:
▲ [WARNING] CSS nesting syntax is not supported in the configured target environment ("chrome87", "edge88", "es2020", "firefox78", "safari14") [unsupported-css-nesting]

    <stdin>:36:2:
      36 │   *vertical-align: middle;
         ╵   ^


▲ [WARNING] Expected identifier but found whitespace [css-syntax-error]

    <stdin>:36:18:
      36 │   *vertical-align: middle;
         ╵                   ^


▲ [WARNING] Unexpected ";" [css-syntax-error]

    <stdin>:36:25:
      36 │   *vertical-align: middle;
         ╵                          ^

[39m
computing gzip size...
[2m../../../../LEWISQ~1/AppData/Local/Temp/chromatic--14560-6BICJwdux4dZ/[22m[32miframe.html                                         [39m[1m[2m 12.60 kB[22m[1m[22m
[2m../../../../LEWISQ~1/AppData/Local/Temp/chromatic--14560-6BICJwdux4dZ/[22m[32massets/percolate-dac75269.ttf                       [39m[1m[2m 34.04 kB[22m[1m[22m
[2m../../../../LEWISQ~1/AppData/Local/Temp/chromatic--14560-6BICJwdux4dZ/[22m[32massets/percolate-ec979d96.woff                      [39m[1m[2m 34.11 kB[22m[1m[22m
[2m../../../../LEWISQ~1/AppData/Local/Temp/chromatic--14560-6BICJwdux4dZ/[22m[32massets/percolate-5ed633c2.eot                       [39m[1m[2m 34.21 kB[22m[1m[22m
[2m../../../../LEWISQ~1/AppData/Local/Temp/chromatic--14560-6BICJwdux4dZ/[22m[32massets/percolate-d13fa91b.svg                       [39m[1m[2m140.51 kB[22m[1m[22m
[2m../../../../LEWISQ~1/AppData/Local/Temp/chromatic--14560-6BICJwdux4dZ/[22m[35massets/preview-85489b2e.css                         [39m[1m[2m  6.91 kB[22m[1m[22m[2m │ gzip:   2.08 kB[22m
[2m../../../../LEWISQ~1/AppData/Local/Temp/chromatic--14560-6BICJwdux4dZ/[22m[36massets/index-d475d2ea.js                            [39m[1m[2m  0.21 kB[22m[1m[22m[2m │ gzip:   0.17 kB[22m[2m │ map:     0.83 kB[22m
[2m../../../../LEWISQ~1/AppData/Local/Temp/chromatic--14560-6BICJwdux4dZ/[22m[36massets/_commonjs-dynamic-modules-302442b1.js        [39m[1m[2m  0.30 kB[22m[1m[22m[2m │ gzip:   0.24 kB[22m[2m │ map:     0.12 kB[22m
[2m../../../../LEWISQ~1/AppData/Local/Temp/chromatic--14560-6BICJwdux4dZ/[22m[36massets/WithTooltip-FBT32F6Q-6129b4a3.js             [39m[1m[2m  0.55 kB[22m[1m[22m[2m │ gzip:   0.32 kB[22m[2m │ map:     0.11 kB[22m
[2m../../../../LEWISQ~1/AppData/Local/Temp/chromatic--14560-6BICJwdux4dZ/[22m[36massets/syntaxhighlighter-QTQ2UBB4-73a898ec.js       [39m[1m[2m  0.57 kB[22m[1m[22m[2m │ gzip:   0.35 kB[22m[2m │ map:     0.12 kB[22m
[2m../../../../LEWISQ~1/AppData/Local/Temp/chromatic--14560-6BICJwdux4dZ/[22m[36massets/index-6d7aa4ee.js                            [39m[1m[2m  0.62 kB[22m[1m[22m[2m │ gzip:   0.38 kB[22m[2m │ map:     4.28 kB[22m
[2m../../../../LEWISQ~1/AppData/Local/Temp/chromatic--14560-6BICJwdux4dZ/[22m[36massets/preview-0435c720.js                          [39m[1m[2m  0.69 kB[22m[1m[22m[2m │ gzip:   0.49 kB[22m[2m │ map:     3.82 kB[22m
[2m../../../../LEWISQ~1/AppData/Local/Temp/chromatic--14560-6BICJwdux4dZ/[22m[36massets/_commonjsHelpers-042e6b4d.js                 [39m[1m[2m  0.78 kB[22m[1m[22m[2m │ gzip:   0.44 kB[22m[2m │ map:     0.11 kB[22m
[2m../../../../LEWISQ~1/AppData/Local/Temp/chromatic--14560-6BICJwdux4dZ/[22m[36massets/index-4d501b15.js                            [39m[1m[2m  0.80 kB[22m[1m[22m[2m │ gzip:   0.52 kB[22m[2m │ map:     4.11 kB[22m
[2m../../../../LEWISQ~1/AppData/Local/Temp/chromatic--14560-6BICJwdux4dZ/[22m[36massets/index-356e4a49.js                            [39m[1m[2m  0.81 kB[22m[1m[22m[2m │ gzip:   0.51 kB[22m[2m │ map:     3.26 kB[22m
[2m../../../../LEWISQ~1/AppData/Local/Temp/chromatic--14560-6BICJwdux4dZ/[22m[36massets/preview-58f70439.js                          [39m[1m[2m  0.83 kB[22m[1m[22m[2m │ gzip:   0.50 kB[22m[2m │ map:     1.26 kB[22m
[2m../../../../LEWISQ~1/AppData/Local/Temp/chromatic--14560-6BICJwdux4dZ/[22m[36massets/preview-b1164a2e.js                          [39m[1m[2m  0.88 kB[22m[1m[22m[2m │ gzip:   0.58 kB[22m[2m │ map:     2.82 kB[22m
[2m../../../../LEWISQ~1/AppData/Local/Temp/chromatic--14560-6BICJwdux4dZ/[22m[36massets/preview-efc70d34.js                          [39m[1m[2m  1.06 kB[22m[1m[22m[2m │ gzip:   0.69 kB[22m[2m │ map:     3.13 kB[22m
[2m../../../../LEWISQ~1/AppData/Local/Temp/chromatic--14560-6BICJwdux4dZ/[22m[36massets/preview-bb5acd95.js                          [39m[1m[2m  2.38 kB[22m[1m[22m[2m │ gzip:   1.26 kB[22m[2m │ map:    10.32 kB[22m
[2m../../../../LEWISQ~1/AppData/Local/Temp/chromatic--14560-6BICJwdux4dZ/[22m[36massets/index-d37d4223.js                            [39m[1m[2m  2.63 kB[22m[1m[22m[2m │ gzip:   1.30 kB[22m[2m │ map:     7.47 kB[22m
[2m../../../../LEWISQ~1/AppData/Local/Temp/chromatic--14560-6BICJwdux4dZ/[22m[36massets/preview-f96f0111.js                          [39m[1m[2m  3.29 kB[22m[1m[22m[2m │ gzip:   1.41 kB[22m[2m │ map:    10.10 kB[22m
[2m../../../../LEWISQ~1/AppData/Local/Temp/chromatic--14560-6BICJwdux4dZ/[22m[36massets/Task.stories-89f25132.js                     [39m[1m[2m  3.75 kB[22m[1m[22m[2m │ gzip:   1.60 kB[22m[2m │ map:     5.61 kB[22m
[2m../../../../LEWISQ~1/AppData/Local/Temp/chromatic--14560-6BICJwdux4dZ/[22m[36massets/preview-37770734.js                          [39m[1m[2m  3.78 kB[22m[1m[22m[2m │ gzip:   1.80 kB[22m[2m │ map:    14.55 kB[22m
[2m../../../../LEWISQ~1/AppData/Local/Temp/chromatic--14560-6BICJwdux4dZ/[22m[36massets/iframe-28f20901.js                           [39m[1m[2m  4.92 kB[22m[1m[22m[2m │ gzip:   1.72 kB[22m[2m │ map:     5.60 kB[22m
[2m../../../../LEWISQ~1/AppData/Local/Temp/chromatic--14560-6BICJwdux4dZ/[22m[36massets/index-f1f749bf.js                            [39m[1m[2m  7.25 kB[22m[1m[22m[2m │ gzip:   2.96 kB[22m[2m │ map:    15.70 kB[22m
[2m../../../../LEWISQ~1/AppData/Local/Temp/chromatic--14560-6BICJwdux4dZ/[22m[36massets/preview-62235626.js                          [39m[1m[2m  7.69 kB[22m[1m[22m[2m │ gzip:   1.60 kB[22m[2m │ map:    13.71 kB[22m
[2m../../../../LEWISQ~1/AppData/Local/Temp/chromatic--14560-6BICJwdux4dZ/[22m[36massets/preview-e6f1f377.js                          [39m[1m[2m  7.97 kB[22m[1m[22m[2m │ gzip:   3.03 kB[22m[2m │ map:    28.19 kB[22m
[2m../../../../LEWISQ~1/AppData/Local/Temp/chromatic--14560-6BICJwdux4dZ/[22m[36massets/index-078d3f98.js                            [39m[1m[2m 10.06 kB[22m[1m[22m[2m │ gzip:   3.66 kB[22m[2m │ map:    26.48 kB[22m
[2m../../../../LEWISQ~1/AppData/Local/Temp/chromatic--14560-6BICJwdux4dZ/[22m[36massets/GlobalScrollAreaStyles-XIHNDKUY-e90f20b0.js  [39m[1m[2m 10.53 kB[22m[1m[22m[2m │ gzip:   2.40 kB[22m[2m │ map:    15.71 kB[22m
[2m../../../../LEWISQ~1/AppData/Local/Temp/chromatic--14560-6BICJwdux4dZ/[22m[36massets/preview-8e084d2f.js                          [39m[1m[2m 11.13 kB[22m[1m[22m[2m │ gzip:   3.76 kB[22m[2m │ map:    41.77 kB[22m
[2m../../../../LEWISQ~1/AppData/Local/Temp/chromatic--14560-6BICJwdux4dZ/[22m[36massets/Color-3YIJY6X7-fe9f169d.js                   [39m[1m[2m 31.11 kB[22m[1m[22m[2m │ gzip:  11.69 kB[22m[2m │ map:   112.51 kB[22m
[2m../../../../LEWISQ~1/AppData/Local/Temp/chromatic--14560-6BICJwdux4dZ/[22m[36massets/TaskList.stories-3f915671.js                 [39m[1m[2m 40.30 kB[22m[1m[22m[2m │ gzip:  13.91 kB[22m[2m │ map:   235.76 kB[22m
[2m../../../../LEWISQ~1/AppData/Local/Temp/chromatic--14560-6BICJwdux4dZ/[22m[36massets/OverlayScrollbars-VAV6LJAB-feea6f7d.js       [39m[1m[2m 59.11 kB[22m[1m[22m[2m │ gzip:  25.35 kB[22m[2m │ map:   277.21 kB[22m
[2m../../../../LEWISQ~1/AppData/Local/Temp/chromatic--14560-6BICJwdux4dZ/[22m[36massets/_getPrototype-ad889add.js                    [39m[1m[2m 78.82 kB[22m[1m[22m[2m │ gzip:  23.65 kB[22m[2m │ map:   326.26 kB[22m
[2m../../../../LEWISQ~1/AppData/Local/Temp/chromatic--14560-6BICJwdux4dZ/[22m[36massets/index-96c5f47c.js                            [39m[1m[2m134.19 kB[22m[1m[22m[2m │ gzip:  43.27 kB[22m[2m │ map:   326.72 kB[22m
[2m../../../../LEWISQ~1/AppData/Local/Temp/chromatic--14560-6BICJwdux4dZ/[22m[36massets/config-c5897f1e.js                           [39m[1m[2m213.66 kB[22m[1m[22m[2m │ gzip:  66.39 kB[22m[2m │ map:   802.87 kB[22m
[2m../../../../LEWISQ~1/AppData/Local/Temp/chromatic--14560-6BICJwdux4dZ/[22m[36massets/InboxScreen.stories-424d328a.js              [39m[1m[2m258.24 kB[22m[1m[22m[2m │ gzip:  60.69 kB[22m[2m │ map:   923.25 kB[22m
[2m../../../../LEWISQ~1/AppData/Local/Temp/chromatic--14560-6BICJwdux4dZ/[22m[36massets/index-7fd7b4cd.js                            [39m[1m[2m337.22 kB[22m[1m[22m[2m │ gzip:  99.41 kB[22m[2m │ map: 1,432.82 kB[22m
[2m../../../../LEWISQ~1/AppData/Local/Temp/chromatic--14560-6BICJwdux4dZ/[22m[36massets/DocsRenderer-7FRJXR4N-5fc71240.js            [39m[1m[33m504.82 kB[39m[22m[2m │ gzip: 166.16 kB[22m[2m │ map: 1,436.38 kB[22m
[2m../../../../LEWISQ~1/AppData/Local/Temp/chromatic--14560-6BICJwdux4dZ/[22m[36massets/axe-41d76881.js                              [39m[1m[33m535.59 kB[39m[22m[2m │ gzip: 146.90 kB[22m[2m │ map: 1,918.42 kB[22m
[2m../../../../LEWISQ~1/AppData/Local/Temp/chromatic--14560-6BICJwdux4dZ/[22m[36massets/formatter-S4K5WUZV-649858fc.js               [39m[1m[33m601.76 kB[39m[22m[2m │ gzip: 185.09 kB[22m[2m │ map: 1,315.97 kB[22m
[33m
(!) Some chunks are larger than 500 kBs after minification. Consider:
- Using dynamic import() to code-split the application
- Use build.rollupOptions.output.manualChunks to improve chunking: https://rollupjs.org/configuration-options/#output-manualchunks
- Adjust chunk size limit for this warning via build.chunkSizeWarningLimit.[39m
[32m✓[39m built in 13.03s
info => Output directory: C:\Users\LEWISQ~1\AppData\Local\Temp\chromatic--14560-6BICJwdux4dZ
